<?xml version="1.0" encoding="UTF-8"?>
<coverage generated="1665734376035" clover="3.2.0">
  <project timestamp="1665734376035" name="All files">
    <metrics statements="26" coveredstatements="10" conditionals="14" coveredconditionals="8" methods="11" coveredmethods="5" elements="51" coveredelements="23" complexity="0" loc="26" ncloc="26" packages="4" files="4" classes="4"/>
    <package name="Component.ChannelInfoContainer">
      <metrics statements="8" coveredstatements="8" conditionals="4" coveredconditionals="4" methods="4" coveredmethods="4"/>
      <file name="ChannelInfoContainer.util.ts" path="/Users/jin-pro/project/aplay-client/src/Component/ChannelInfoContainer/ChannelInfoContainer.util.ts">
        <metrics statements="8" coveredstatements="8" conditionals="4" coveredconditionals="4" methods="4" coveredmethods="4"/>
        <line num="3" count="1" type="stmt"/>
        <line num="16" count="1" type="stmt"/>
        <line num="17" count="16" type="stmt"/>
        <line num="19" count="1" type="stmt"/>
        <line num="20" count="2" type="stmt"/>
        <line num="21" count="2" type="cond" truecount="2" falsecount="0"/>
        <line num="24" count="1" type="stmt"/>
        <line num="25" count="2" type="cond" truecount="2" falsecount="0"/>
      </file>
    </package>
    <package name="Component.MessageCotent">
      <metrics statements="2" coveredstatements="2" conditionals="4" coveredconditionals="4" methods="1" coveredmethods="1"/>
      <file name="MessageContent.util.ts" path="/Users/jin-pro/project/aplay-client/src/Component/MessageCotent/MessageContent.util.ts">
        <metrics statements="2" coveredstatements="2" conditionals="4" coveredconditionals="4" methods="1" coveredmethods="1"/>
        <line num="1" count="1" type="stmt"/>
        <line num="2" count="4" type="cond" truecount="2" falsecount="0"/>
      </file>
    </package>
    <package name="Component.TeamInfoContainer.BasicTeamInfo">
      <metrics statements="2" coveredstatements="0" conditionals="6" coveredconditionals="0" methods="1" coveredmethods="0"/>
      <file name="BasicTeamInfo.util.ts" path="/Users/jin-pro/project/aplay-client/src/Component/TeamInfoContainer/BasicTeamInfo/BasicTeamInfo.util.ts">
        <metrics statements="2" coveredstatements="0" conditionals="6" coveredconditionals="0" methods="1" coveredmethods="0"/>
        <line num="1" count="0" type="stmt"/>
        <line num="2" count="0" type="cond" truecount="0" falsecount="2"/>
      </file>
    </package>
    <package name="Page.MainPage">
      <metrics statements="14" coveredstatements="0" conditionals="0" coveredconditionals="0" methods="5" coveredmethods="0"/>
      <file name="MainPage.util.ts" path="/Users/jin-pro/project/aplay-client/src/Page/MainPage/MainPage.util.ts">
        <metrics statements="14" coveredstatements="0" conditionals="0" coveredconditionals="0" methods="5" coveredmethods="0"/>
        <line num="1" count="0" type="stmt"/>
        <line num="3" count="0" type="stmt"/>
        <line num="4" count="0" type="stmt"/>
        <line num="5" count="0" type="stmt"/>
        <line num="8" count="0" type="stmt"/>
        <line num="9" count="0" type="stmt"/>
        <line num="10" count="0" type="stmt"/>
        <line num="13" count="0" type="stmt"/>
        <line num="14" count="0" type="stmt"/>
        <line num="15" count="0" type="stmt"/>
        <line num="18" count="0" type="stmt"/>
        <line num="20" count="0" type="stmt"/>
        <line num="21" count="0" type="stmt"/>
        <line num="22" count="0" type="stmt"/>
      </file>
    </package>
  </project>
</coverage>
