{"/Users/jin-pro/project/aplay-client/src/Component/ChannelInfoContainer/ChannelInfoContainer.util.ts": {"path":"/Users/jin-pro/project/aplay-client/src/Component/ChannelInfoContainer/ChannelInfoContainer.util.ts","statementMap":{"0":{"start":{"line":3,"column":13},"end":{"line":7,"column":2}},"1":{"start":{"line":16,"column":35},"end":{"line":17,"column":54}},"2":{"start":{"line":17,"column":2},"end":{"line":17,"column":54}},"3":{"start":{"line":17,"column":37},"end":{"line":17,"column":53}},"4":{"start":{"line":16,"column":13},"end":{"line":16,"column":35}},"5":{"start":{"line":19,"column":30},"end":{"line":22,"column":1}},"6":{"start":{"line":20,"column":19},"end":{"line":20,"column":56}},"7":{"start":{"line":21,"column":2},"end":{"line":21,"column":50}},"8":{"start":{"line":19,"column":13},"end":{"line":19,"column":30}},"9":{"start":{"line":24,"column":33},"end":{"line":25,"column":89}},"10":{"start":{"line":25,"column":2},"end":{"line":25,"column":89}},"11":{"start":{"line":24,"column":13},"end":{"line":24,"column":33}}},"fnMap":{"0":{"name":"(anonymous_0)","decl":{"start":{"line":16,"column":35},"end":{"line":16,"column":36}},"loc":{"start":{"line":17,"column":2},"end":{"line":17,"column":54}}},"1":{"name":"(anonymous_1)","decl":{"start":{"line":17,"column":18},"end":{"line":17,"column":19}},"loc":{"start":{"line":17,"column":37},"end":{"line":17,"column":53}}},"2":{"name":"(anonymous_2)","decl":{"start":{"line":19,"column":30},"end":{"line":19,"column":31}},"loc":{"start":{"line":19,"column":67},"end":{"line":22,"column":1}}},"3":{"name":"(anonymous_3)","decl":{"start":{"line":24,"column":33},"end":{"line":24,"column":34}},"loc":{"start":{"line":25,"column":2},"end":{"line":25,"column":89}}}},"branchMap":{"0":{"loc":{"start":{"line":21,"column":9},"end":{"line":21,"column":49}},"type":"binary-expr","locations":[{"start":{"line":21,"column":9},"end":{"line":21,"column":15}},{"start":{"line":21,"column":20},"end":{"line":21,"column":49}}]},"1":{"loc":{"start":{"line":25,"column":2},"end":{"line":25,"column":89}},"type":"cond-expr","locations":[{"start":{"line":25,"column":21},"end":{"line":25,"column":57}},{"start":{"line":25,"column":60},"end":{"line":25,"column":89}}]}},"s":{"0":1,"1":1,"2":4,"3":16,"4":1,"5":1,"6":2,"7":2,"8":1,"9":1,"10":2,"11":1},"f":{"0":4,"1":16,"2":2,"3":2},"b":{"0":[2,1],"1":[1,1]}}
,"/Users/jin-pro/project/aplay-client/src/Component/MessageCotent/MessageContent.util.ts": {"path":"/Users/jin-pro/project/aplay-client/src/Component/MessageCotent/MessageContent.util.ts","statementMap":{"0":{"start":{"line":1,"column":27},"end":{"line":4,"column":24}},"1":{"start":{"line":2,"column":2},"end":{"line":4,"column":24}},"2":{"start":{"line":1,"column":13},"end":{"line":1,"column":27}}},"fnMap":{"0":{"name":"(anonymous_0)","decl":{"start":{"line":1,"column":27},"end":{"line":1,"column":28}},"loc":{"start":{"line":2,"column":2},"end":{"line":4,"column":24}}}},"branchMap":{"0":{"loc":{"start":{"line":2,"column":5},"end":{"line":2,"column":36}},"type":"cond-expr","locations":[{"start":{"line":2,"column":28},"end":{"line":2,"column":31}},{"start":{"line":2,"column":34},"end":{"line":2,"column":36}}]},"1":{"loc":{"start":{"line":3,"column":4},"end":{"line":3,"column":null}},"type":"cond-expr","locations":[{"start":{"line":3,"column":29},"end":{"line":3,"column":32}},{"start":{"line":3,"column":35},"end":{"line":3,"column":null}}]}},"s":{"0":1,"1":4,"2":1},"f":{"0":4},"b":{"0":[2,2],"1":[2,2]}}
,"/Users/jin-pro/project/aplay-client/src/Component/TeamInfoContainer/BasicTeamInfo/BasicTeamInfo.util.ts": {"path":"/Users/jin-pro/project/aplay-client/src/Component/TeamInfoContainer/BasicTeamInfo/BasicTeamInfo.util.ts","statementMap":{"0":{"start":{"line":1,"column":33},"end":{"line":8,"column":32}},"1":{"start":{"line":2,"column":2},"end":{"line":8,"column":32}},"2":{"start":{"line":1,"column":13},"end":{"line":1,"column":33}}},"fnMap":{"0":{"name":"(anonymous_0)","decl":{"start":{"line":1,"column":33},"end":{"line":1,"column":34}},"loc":{"start":{"line":2,"column":2},"end":{"line":8,"column":32}}}},"branchMap":{"0":{"loc":{"start":{"line":2,"column":2},"end":{"line":8,"column":32}},"type":"cond-expr","locations":[{"start":{"line":3,"column":6},"end":{"line":5,"column":41}},{"start":{"line":6,"column":6},"end":{"line":8,"column":32}}]},"1":{"loc":{"start":{"line":3,"column":6},"end":{"line":5,"column":41}},"type":"cond-expr","locations":[{"start":{"line":4,"column":8},"end":{"line":4,"column":39}},{"start":{"line":5,"column":8},"end":{"line":5,"column":41}}]},"2":{"loc":{"start":{"line":6,"column":6},"end":{"line":8,"column":32}},"type":"cond-expr","locations":[{"start":{"line":7,"column":6},"end":{"line":7,"column":30}},{"start":{"line":8,"column":6},"end":{"line":8,"column":32}}]}},"s":{"0":0,"1":0,"2":0},"f":{"0":0},"b":{"0":[0,0],"1":[0,0],"2":[0,0]}}
,"/Users/jin-pro/project/aplay-client/src/Page/MainPage/MainPage.util.ts": {"path":"/Users/jin-pro/project/aplay-client/src/Page/MainPage/MainPage.util.ts","statementMap":{"0":{"start":{"line":1,"column":0},"end":{"line":1,"column":26}},"1":{"start":{"line":3,"column":24},"end":{"line":6,"column":1}},"2":{"start":{"line":4,"column":14},"end":{"line":4,"column":73}},"3":{"start":{"line":5,"column":2},"end":{"line":5,"column":18}},"4":{"start":{"line":3,"column":13},"end":{"line":3,"column":24}},"5":{"start":{"line":8,"column":27},"end":{"line":11,"column":1}},"6":{"start":{"line":9,"column":14},"end":{"line":9,"column":92}},"7":{"start":{"line":10,"column":2},"end":{"line":10,"column":18}},"8":{"start":{"line":8,"column":13},"end":{"line":8,"column":27}},"9":{"start":{"line":13,"column":26},"end":{"line":16,"column":1}},"10":{"start":{"line":14,"column":14},"end":{"line":14,"column":83}},"11":{"start":{"line":15,"column":2},"end":{"line":15,"column":26}},"12":{"start":{"line":13,"column":13},"end":{"line":13,"column":26}},"13":{"start":{"line":18,"column":26},"end":{"line":18,"column":34}},"14":{"start":{"line":18,"column":13},"end":{"line":18,"column":26}},"15":{"start":{"line":20,"column":27},"end":{"line":23,"column":1}},"16":{"start":{"line":21,"column":14},"end":{"line":21,"column":49}},"17":{"start":{"line":22,"column":2},"end":{"line":22,"column":18}},"18":{"start":{"line":20,"column":13},"end":{"line":20,"column":27}}},"fnMap":{"0":{"name":"(anonymous_0)","decl":{"start":{"line":3,"column":24},"end":{"line":3,"column":29}},"loc":{"start":{"line":3,"column":35},"end":{"line":6,"column":1}}},"1":{"name":"(anonymous_1)","decl":{"start":{"line":8,"column":27},"end":{"line":8,"column":32}},"loc":{"start":{"line":8,"column":68},"end":{"line":11,"column":1}}},"2":{"name":"(anonymous_2)","decl":{"start":{"line":13,"column":26},"end":{"line":13,"column":31}},"loc":{"start":{"line":13,"column":67},"end":{"line":16,"column":1}}},"3":{"name":"(anonymous_3)","decl":{"start":{"line":18,"column":26},"end":{"line":18,"column":29}},"loc":{"start":{"line":18,"column":31},"end":{"line":18,"column":34}}},"4":{"name":"(anonymous_4)","decl":{"start":{"line":20,"column":27},"end":{"line":20,"column":32}},"loc":{"start":{"line":20,"column":38},"end":{"line":23,"column":1}}}},"branchMap":{},"s":{"0":0,"1":0,"2":0,"3":0,"4":0,"5":0,"6":0,"7":0,"8":0,"9":0,"10":0,"11":0,"12":0,"13":0,"14":0,"15":0,"16":0,"17":0,"18":0},"f":{"0":0,"1":0,"2":0,"3":0,"4":0},"b":{}}
}
