{"/Users/jin-pro/project/aplay-client/src/Component/ChannelInfoContainer/ChannelInfoContainer.util.ts": {"path":"/Users/jin-pro/project/aplay-client/src/Component/ChannelInfoContainer/ChannelInfoContainer.util.ts","statementMap":{"0":{"start":{"line":3,"column":13},"end":{"line":7,"column":2}},"1":{"start":{"line":16,"column":35},"end":{"line":17,"column":54}},"2":{"start":{"line":17,"column":2},"end":{"line":17,"column":54}},"3":{"start":{"line":17,"column":37},"end":{"line":17,"column":53}},"4":{"start":{"line":16,"column":13},"end":{"line":16,"column":35}},"5":{"start":{"line":19,"column":30},"end":{"line":22,"column":1}},"6":{"start":{"line":20,"column":19},"end":{"line":20,"column":56}},"7":{"start":{"line":21,"column":2},"end":{"line":21,"column":50}},"8":{"start":{"line":19,"column":13},"end":{"line":19,"column":30}},"9":{"start":{"line":24,"column":33},"end":{"line":25,"column":89}},"10":{"start":{"line":25,"column":2},"end":{"line":25,"column":89}},"11":{"start":{"line":24,"column":13},"end":{"line":24,"column":33}}},"fnMap":{"0":{"name":"(anonymous_0)","decl":{"start":{"line":16,"column":35},"end":{"line":16,"column":36}},"loc":{"start":{"line":17,"column":2},"end":{"line":17,"column":54}}},"1":{"name":"(anonymous_1)","decl":{"start":{"line":17,"column":18},"end":{"line":17,"column":19}},"loc":{"start":{"line":17,"column":37},"end":{"line":17,"column":53}}},"2":{"name":"(anonymous_2)","decl":{"start":{"line":19,"column":30},"end":{"line":19,"column":31}},"loc":{"start":{"line":19,"column":67},"end":{"line":22,"column":1}}},"3":{"name":"(anonymous_3)","decl":{"start":{"line":24,"column":33},"end":{"line":24,"column":34}},"loc":{"start":{"line":25,"column":2},"end":{"line":25,"column":89}}}},"branchMap":{"0":{"loc":{"start":{"line":21,"column":9},"end":{"line":21,"column":49}},"type":"binary-expr","locations":[{"start":{"line":21,"column":9},"end":{"line":21,"column":15}},{"start":{"line":21,"column":20},"end":{"line":21,"column":49}}]},"1":{"loc":{"start":{"line":25,"column":2},"end":{"line":25,"column":89}},"type":"cond-expr","locations":[{"start":{"line":25,"column":21},"end":{"line":25,"column":57}},{"start":{"line":25,"column":60},"end":{"line":25,"column":89}}]}},"s":{"0":1,"1":1,"2":4,"3":16,"4":1,"5":1,"6":2,"7":2,"8":1,"9":1,"10":2,"11":1},"f":{"0":4,"1":16,"2":2,"3":2},"b":{"0":[2,1],"1":[1,1]}}
}
